mode: atomic
github.com/alenn-m/rgen/generator/parser/parser.go:35.60,40.25 4 6
github.com/alenn-m/rgen/generator/parser/parser.go:59.2,59.19 1 3
github.com/alenn-m/rgen/generator/parser/parser.go:81.2,81.12 1 2
github.com/alenn-m/rgen/generator/parser/parser.go:40.25,43.17 2 7
github.com/alenn-m/rgen/generator/parser/parser.go:46.3,46.17 1 4
github.com/alenn-m/rgen/generator/parser/parser.go:43.17,45.4 1 3
github.com/alenn-m/rgen/generator/parser/parser.go:46.17,54.4 3 4
github.com/alenn-m/rgen/generator/parser/parser.go:54.9,54.24 1 0
github.com/alenn-m/rgen/generator/parser/parser.go:54.24,56.4 1 0
github.com/alenn-m/rgen/generator/parser/parser.go:59.19,63.26 3 2
github.com/alenn-m/rgen/generator/parser/parser.go:63.26,66.40 3 6
github.com/alenn-m/rgen/generator/parser/parser.go:73.4,73.14 1 6
github.com/alenn-m/rgen/generator/parser/parser.go:77.4,77.48 1 5
github.com/alenn-m/rgen/generator/parser/parser.go:66.40,67.32 1 18
github.com/alenn-m/rgen/generator/parser/parser.go:67.32,69.11 2 5
github.com/alenn-m/rgen/generator/parser/parser.go:73.14,75.5 1 1
github.com/alenn-m/rgen/generator/service_init/service_init.go:30.81,34.16 3 2
github.com/alenn-m/rgen/generator/service_init/service_init.go:38.2,39.35 2 2
github.com/alenn-m/rgen/generator/service_init/service_init.go:66.2,66.12 1 2
github.com/alenn-m/rgen/generator/service_init/service_init.go:34.16,36.3 1 0
github.com/alenn-m/rgen/generator/service_init/service_init.go:39.35,41.26 2 2
github.com/alenn-m/rgen/generator/service_init/service_init.go:44.3,50.27 4 2
github.com/alenn-m/rgen/generator/service_init/service_init.go:58.3,59.17 2 2
github.com/alenn-m/rgen/generator/service_init/service_init.go:63.3,63.41 1 2
github.com/alenn-m/rgen/generator/service_init/service_init.go:41.26,43.4 1 1
github.com/alenn-m/rgen/generator/service_init/service_init.go:50.27,53.4 2 1
github.com/alenn-m/rgen/generator/service_init/service_init.go:53.9,56.4 2 1
github.com/alenn-m/rgen/generator/service_init/service_init.go:59.17,61.4 1 0
github.com/alenn-m/rgen/generator/service_init/service_init.go:70.36,72.2 1 0
github.com/alenn-m/rgen/generator/service_init/service_init.go:75.43,77.2 1 2
github.com/alenn-m/rgen/generator/service_init/service_init.go:79.76,86.2 1 2
github.com/alenn-m/rgen/generator/service_init/service_init.go:88.60,90.16 2 2
github.com/alenn-m/rgen/generator/service_init/service_init.go:94.2,94.23 1 2
github.com/alenn-m/rgen/generator/service_init/service_init.go:90.16,92.3 1 0
github.com/alenn-m/rgen/generator/service_init/service_init.go:97.60,99.2 1 2
github.com/alenn-m/rgen/generator/repository/common.go:26.70,40.36 5 3
github.com/alenn-m/rgen/generator/repository/common.go:46.2,50.19 4 3
github.com/alenn-m/rgen/generator/repository/common.go:40.36,44.3 3 12
github.com/alenn-m/rgen/generator/repository/repository.go:28.80,32.25 3 2
github.com/alenn-m/rgen/generator/repository/repository.go:36.2,37.41 1 2
github.com/alenn-m/rgen/generator/repository/repository.go:47.2,47.16 1 2
github.com/alenn-m/rgen/generator/repository/repository.go:51.2,53.12 2 2
github.com/alenn-m/rgen/generator/repository/repository.go:32.25,34.3 1 1
github.com/alenn-m/rgen/generator/repository/repository.go:37.41,38.46 1 20
github.com/alenn-m/rgen/generator/repository/repository.go:44.4,44.16 1 0
github.com/alenn-m/rgen/generator/repository/repository.go:38.46,39.22 1 60
github.com/alenn-m/rgen/generator/repository/repository.go:39.22,41.6 1 20
github.com/alenn-m/rgen/generator/repository/repository.go:47.16,49.3 1 0
github.com/alenn-m/rgen/generator/repository/repository.go:57.35,60.16 3 1
github.com/alenn-m/rgen/generator/repository/repository.go:64.2,64.101 1 1
github.com/alenn-m/rgen/generator/repository/repository.go:60.16,62.3 1 0
github.com/alenn-m/rgen/generator/repository/repository.go:68.42,70.2 1 3
github.com/alenn-m/rgen/generator/repository/repository.go:72.57,74.2 1 1
github.com/alenn-m/rgen/generator/repository/repository_implementation.go:25.94,29.41 2 1
github.com/alenn-m/rgen/generator/repository/repository_implementation.go:42.2,42.16 1 1
github.com/alenn-m/rgen/generator/repository/repository_implementation.go:46.2,47.16 2 1
github.com/alenn-m/rgen/generator/repository/repository_implementation.go:51.2,53.12 2 1
github.com/alenn-m/rgen/generator/repository/repository_implementation.go:29.41,30.46 1 0
github.com/alenn-m/rgen/generator/repository/repository_implementation.go:36.4,36.16 1 0
github.com/alenn-m/rgen/generator/repository/repository_implementation.go:30.46,31.22 1 0
github.com/alenn-m/rgen/generator/repository/repository_implementation.go:31.22,33.6 1 0
github.com/alenn-m/rgen/generator/repository/repository_implementation.go:38.42,40.4 1 6
github.com/alenn-m/rgen/generator/repository/repository_implementation.go:42.16,44.3 1 0
github.com/alenn-m/rgen/generator/repository/repository_implementation.go:47.16,49.3 1 0
github.com/alenn-m/rgen/generator/repository/repository_implementation.go:57.49,60.16 3 1
github.com/alenn-m/rgen/generator/repository/repository_implementation.go:64.2,64.120 1 1
github.com/alenn-m/rgen/generator/repository/repository_implementation.go:60.16,62.3 1 0
github.com/alenn-m/rgen/generator/repository/repository_implementation.go:68.56,70.2 1 2
github.com/alenn-m/rgen/generator/repository/repository_implementation.go:72.60,74.2 1 2
github.com/alenn-m/rgen/generator/model/model.go:42.30,44.2 1 1
github.com/alenn-m/rgen/generator/model/model.go:47.37,49.2 1 2
github.com/alenn-m/rgen/generator/model/model.go:59.75,61.16 2 2
github.com/alenn-m/rgen/generator/model/model.go:65.2,66.16 2 1
github.com/alenn-m/rgen/generator/model/model.go:70.2,72.12 2 1
github.com/alenn-m/rgen/generator/model/model.go:61.16,63.3 1 1
github.com/alenn-m/rgen/generator/model/model.go:66.16,68.3 1 0
github.com/alenn-m/rgen/generator/model/model.go:75.76,77.36 2 2
github.com/alenn-m/rgen/generator/model/model.go:84.2,84.53 1 2
github.com/alenn-m/rgen/generator/model/model.go:97.2,103.12 2 1
github.com/alenn-m/rgen/generator/model/model.go:77.36,82.3 3 8
github.com/alenn-m/rgen/generator/model/model.go:84.53,85.23 1 5
github.com/alenn-m/rgen/generator/model/model.go:86.18,87.83 1 1
github.com/alenn-m/rgen/generator/model/model.go:88.16,89.122 1 2
github.com/alenn-m/rgen/generator/model/model.go:90.19,91.103 1 1
github.com/alenn-m/rgen/generator/model/model.go:92.11,93.33 1 1
github.com/alenn-m/rgen/generator/model/model.go:106.50,108.16 2 1
github.com/alenn-m/rgen/generator/model/model.go:112.2,113.16 2 1
github.com/alenn-m/rgen/generator/model/model.go:117.2,119.12 2 1
github.com/alenn-m/rgen/generator/model/model.go:108.16,110.3 1 0
github.com/alenn-m/rgen/generator/model/model.go:113.16,115.3 1 0
github.com/alenn-m/rgen/generator/controller/controller.go:28.80,32.41 2 1
github.com/alenn-m/rgen/generator/controller/controller.go:42.2,42.16 1 1
github.com/alenn-m/rgen/generator/controller/controller.go:46.2,48.12 2 1
github.com/alenn-m/rgen/generator/controller/controller.go:32.41,33.46 1 0
github.com/alenn-m/rgen/generator/controller/controller.go:39.4,39.16 1 0
github.com/alenn-m/rgen/generator/controller/controller.go:33.46,34.22 1 0
github.com/alenn-m/rgen/generator/controller/controller.go:34.22,36.6 1 0
github.com/alenn-m/rgen/generator/controller/controller.go:42.16,44.3 1 0
github.com/alenn-m/rgen/generator/controller/controller.go:52.35,55.16 3 1
github.com/alenn-m/rgen/generator/controller/controller.go:59.2,59.56 1 1
github.com/alenn-m/rgen/generator/controller/controller.go:55.16,57.3 1 0
github.com/alenn-m/rgen/generator/controller/controller.go:63.42,65.2 1 2
github.com/alenn-m/rgen/generator/controller/controller.go:78.75,88.36 2 1
github.com/alenn-m/rgen/generator/controller/controller.go:88.36,92.3 2 4
github.com/alenn-m/rgen/generator/controller/controller.go:95.70,99.2 2 1
github.com/alenn-m/rgen/generator/transport/transport.go:46.79,50.41 2 1
github.com/alenn-m/rgen/generator/transport/transport.go:60.2,60.16 1 1
github.com/alenn-m/rgen/generator/transport/transport.go:64.2,66.12 2 1
github.com/alenn-m/rgen/generator/transport/transport.go:50.41,51.46 1 10
github.com/alenn-m/rgen/generator/transport/transport.go:57.4,57.16 1 0
github.com/alenn-m/rgen/generator/transport/transport.go:51.46,52.22 1 30
github.com/alenn-m/rgen/generator/transport/transport.go:52.22,54.6 1 10
github.com/alenn-m/rgen/generator/transport/transport.go:60.16,62.3 1 0
github.com/alenn-m/rgen/generator/transport/transport.go:70.41,72.2 1 2
github.com/alenn-m/rgen/generator/transport/transport.go:75.34,77.2 1 1
github.com/alenn-m/rgen/generator/transport/transport.go:79.76,88.36 2 1
github.com/alenn-m/rgen/generator/transport/transport.go:88.36,90.3 1 0
github.com/alenn-m/rgen/generator/transport/transport.go:93.54,95.16 2 1
github.com/alenn-m/rgen/generator/transport/transport.go:99.2,102.16 3 1
github.com/alenn-m/rgen/generator/transport/transport.go:106.2,108.12 2 1
github.com/alenn-m/rgen/generator/transport/transport.go:95.16,97.3 1 0
github.com/alenn-m/rgen/generator/transport/transport.go:102.16,104.3 1 0
github.com/alenn-m/rgen/generator/migration/foreign_keys.go:20.37,23.22 3 0
github.com/alenn-m/rgen/generator/migration/foreign_keys.go:29.2,30.25 2 0
github.com/alenn-m/rgen/generator/migration/foreign_keys.go:34.2,34.42 1 0
github.com/alenn-m/rgen/generator/migration/foreign_keys.go:35.2,35.91 1 0
github.com/alenn-m/rgen/generator/migration/foreign_keys.go:23.22,25.3 1 0
github.com/alenn-m/rgen/generator/migration/foreign_keys.go:25.8,27.3 1 0
github.com/alenn-m/rgen/generator/migration/foreign_keys.go:30.25,33.3 2 0
github.com/alenn-m/rgen/generator/migration/foreign_keys.go:34.42,34.64 1 0
github.com/alenn-m/rgen/generator/migration/foreign_keys.go:38.71,41.9 3 7
github.com/alenn-m/rgen/generator/migration/foreign_keys.go:44.2,44.22 1 7
github.com/alenn-m/rgen/generator/migration/foreign_keys.go:47.2,47.37 1 7
github.com/alenn-m/rgen/generator/migration/foreign_keys.go:54.2,54.17 1 7
github.com/alenn-m/rgen/generator/migration/foreign_keys.go:41.9,43.3 1 0
github.com/alenn-m/rgen/generator/migration/foreign_keys.go:44.22,46.3 1 0
github.com/alenn-m/rgen/generator/migration/foreign_keys.go:47.37,49.45 2 7
github.com/alenn-m/rgen/generator/migration/foreign_keys.go:49.45,51.4 1 7
github.com/alenn-m/rgen/generator/migration/migration.go:39.79,43.43 3 1
github.com/alenn-m/rgen/generator/migration/migration.go:52.2,59.16 2 1
github.com/alenn-m/rgen/generator/migration/migration.go:63.2,63.12 1 1
github.com/alenn-m/rgen/generator/migration/migration.go:43.43,45.17 2 4
github.com/alenn-m/rgen/generator/migration/migration.go:49.3,49.37 1 4
github.com/alenn-m/rgen/generator/migration/migration.go:45.17,47.4 1 0
github.com/alenn-m/rgen/generator/migration/migration.go:59.16,61.3 1 0
github.com/alenn-m/rgen/generator/migration/migration.go:67.34,69.16 2 3
github.com/alenn-m/rgen/generator/migration/migration.go:73.2,77.12 4 3
github.com/alenn-m/rgen/generator/migration/migration.go:69.16,71.3 1 0
github.com/alenn-m/rgen/generator/migration/migration.go:81.41,83.2 1 2
github.com/alenn-m/rgen/generator/migration/migration.go:85.74,93.2 1 1
github.com/alenn-m/rgen/generator/migration/migration.go:95.65,101.16 3 1
github.com/alenn-m/rgen/generator/migration/migration.go:105.2,105.34 1 1
github.com/alenn-m/rgen/generator/migration/migration.go:113.2,114.16 2 1
github.com/alenn-m/rgen/generator/migration/migration.go:118.2,119.16 2 1
github.com/alenn-m/rgen/generator/migration/migration.go:123.2,123.65 1 1
github.com/alenn-m/rgen/generator/migration/migration.go:135.2,136.16 2 1
github.com/alenn-m/rgen/generator/migration/migration.go:140.2,140.12 1 1
github.com/alenn-m/rgen/generator/migration/migration.go:101.16,103.3 1 0
github.com/alenn-m/rgen/generator/migration/migration.go:105.34,108.79 2 4
github.com/alenn-m/rgen/generator/migration/migration.go:108.79,110.4 1 0
github.com/alenn-m/rgen/generator/migration/migration.go:114.16,116.3 1 0
github.com/alenn-m/rgen/generator/migration/migration.go:119.16,121.3 1 0
github.com/alenn-m/rgen/generator/migration/migration.go:123.65,124.37 1 3
github.com/alenn-m/rgen/generator/migration/migration.go:124.37,129.18 3 1
github.com/alenn-m/rgen/generator/migration/migration.go:129.18,131.5 1 0
github.com/alenn-m/rgen/generator/migration/migration.go:136.16,138.3 1 0
github.com/alenn-m/rgen/generator/migration/migration.go:143.81,145.16 2 3
github.com/alenn-m/rgen/generator/migration/migration.go:149.2,150.16 2 3
github.com/alenn-m/rgen/generator/migration/migration.go:154.2,163.16 4 3
github.com/alenn-m/rgen/generator/migration/migration.go:167.2,170.12 3 3
github.com/alenn-m/rgen/generator/migration/migration.go:145.16,147.3 1 0
github.com/alenn-m/rgen/generator/migration/migration.go:150.16,152.3 1 0
github.com/alenn-m/rgen/generator/migration/migration.go:163.16,165.3 1 0
github.com/alenn-m/rgen/generator/migration/migration.go:173.50,174.28 1 4
github.com/alenn-m/rgen/generator/migration/migration.go:175.48,176.19 1 0
github.com/alenn-m/rgen/generator/migration/migration.go:177.26,178.21 1 0
github.com/alenn-m/rgen/generator/migration/migration.go:179.27,180.16 1 0
github.com/alenn-m/rgen/generator/migration/migration.go:181.40,182.17 1 0
github.com/alenn-m/rgen/generator/migration/migration.go:183.50,184.21 1 0
github.com/alenn-m/rgen/generator/migration/migration.go:185.59,186.21 1 0
github.com/alenn-m/rgen/generator/migration/migration.go:187.20,188.17 1 0
github.com/alenn-m/rgen/generator/migration/migration.go:189.20,190.17 1 0
github.com/alenn-m/rgen/generator/migration/migration.go:191.37,192.19 1 0
github.com/alenn-m/rgen/generator/migration/migration.go:193.24,194.16 1 0
github.com/alenn-m/rgen/generator/migration/migration.go:195.10,196.37 1 4
github.com/alenn-m/rgen/generator/migration/migration.go:199.3,199.28 1 4
github.com/alenn-m/rgen/generator/migration/migration.go:196.37,198.4 1 0
github.com/alenn-m/rgen/generator/migration/pivot_migration.go:27.82,30.2 2 1
github.com/alenn-m/rgen/generator/migration/pivot_migration.go:33.43,36.32 2 1
github.com/alenn-m/rgen/generator/migration/pivot_migration.go:64.2,69.36 2 1
github.com/alenn-m/rgen/generator/migration/pivot_migration.go:88.2,88.12 1 1
github.com/alenn-m/rgen/generator/migration/pivot_migration.go:36.32,62.3 12 3
github.com/alenn-m/rgen/generator/migration/pivot_migration.go:69.36,78.17 3 2
github.com/alenn-m/rgen/generator/migration/pivot_migration.go:82.3,83.17 2 2
github.com/alenn-m/rgen/generator/migration/pivot_migration.go:78.17,80.4 1 0
github.com/alenn-m/rgen/generator/migration/pivot_migration.go:83.17,85.4 1 0
github.com/alenn-m/rgen/generator/migration/tables.go:26.32,28.2 1 0
github.com/alenn-m/rgen/generator/migration/tables.go:31.30,36.30 4 3
github.com/alenn-m/rgen/generator/migration/tables.go:40.2,40.16 1 3
github.com/alenn-m/rgen/generator/migration/tables.go:47.2,47.25 1 3
github.com/alenn-m/rgen/generator/migration/tables.go:59.2,59.25 1 3
github.com/alenn-m/rgen/generator/migration/tables.go:71.2,71.28 1 3
github.com/alenn-m/rgen/generator/migration/tables.go:79.2,79.30 1 3
github.com/alenn-m/rgen/generator/migration/tables.go:83.2,83.35 1 3
github.com/alenn-m/rgen/generator/migration/tables.go:86.2,87.22 2 3
github.com/alenn-m/rgen/generator/migration/tables.go:36.30,39.3 2 3
github.com/alenn-m/rgen/generator/migration/tables.go:40.16,41.43 1 3
github.com/alenn-m/rgen/generator/migration/tables.go:42.3,42.97 1 3
github.com/alenn-m/rgen/generator/migration/tables.go:41.43,41.65 1 0
github.com/alenn-m/rgen/generator/migration/tables.go:43.8,45.3 1 0
github.com/alenn-m/rgen/generator/migration/tables.go:47.25,48.31 1 0
github.com/alenn-m/rgen/generator/migration/tables.go:48.31,49.56 1 0
github.com/alenn-m/rgen/generator/migration/tables.go:52.4,52.55 1 0
github.com/alenn-m/rgen/generator/migration/tables.go:49.56,50.13 1 0
github.com/alenn-m/rgen/generator/migration/tables.go:54.8,55.31 1 3
github.com/alenn-m/rgen/generator/migration/tables.go:55.31,57.4 1 11
github.com/alenn-m/rgen/generator/migration/tables.go:59.25,61.3 1 0
github.com/alenn-m/rgen/generator/migration/tables.go:61.8,61.26 1 3
github.com/alenn-m/rgen/generator/migration/tables.go:61.26,63.34 1 0
github.com/alenn-m/rgen/generator/migration/tables.go:66.3,66.34 1 0
github.com/alenn-m/rgen/generator/migration/tables.go:63.34,65.4 1 0
github.com/alenn-m/rgen/generator/migration/tables.go:66.34,68.4 1 0
github.com/alenn-m/rgen/generator/migration/tables.go:71.28,73.36 2 2
github.com/alenn-m/rgen/generator/migration/tables.go:76.3,76.81 1 2
github.com/alenn-m/rgen/generator/migration/tables.go:73.36,75.4 1 4
github.com/alenn-m/rgen/generator/migration/tables.go:79.30,81.3 1 0
github.com/alenn-m/rgen/generator/migration/tables.go:83.35,85.3 1 5
github.com/alenn-m/rgen/generator/migration/tables.go:91.49,92.25 1 3
github.com/alenn-m/rgen/generator/migration/tables.go:97.2,97.13 1 3
github.com/alenn-m/rgen/generator/migration/tables.go:92.25,93.38 1 6
github.com/alenn-m/rgen/generator/migration/tables.go:93.38,95.4 1 0
github.com/alenn-m/rgen/generator/migration/tables.go:101.63,102.17 1 4
github.com/alenn-m/rgen/generator/migration/tables.go:106.2,112.3 1 4
github.com/alenn-m/rgen/generator/migration/tables.go:102.17,104.3 1 0
github.com/alenn-m/rgen/generator/migration/tables.go:116.81,117.45 1 13
github.com/alenn-m/rgen/generator/migration/tables.go:120.2,121.37 2 13
github.com/alenn-m/rgen/generator/migration/tables.go:128.2,134.27 2 13
github.com/alenn-m/rgen/generator/migration/tables.go:137.2,139.18 2 13
github.com/alenn-m/rgen/generator/migration/tables.go:144.2,144.78 1 13
github.com/alenn-m/rgen/generator/migration/tables.go:148.2,148.12 1 13
github.com/alenn-m/rgen/generator/migration/tables.go:117.45,119.3 1 0
github.com/alenn-m/rgen/generator/migration/tables.go:121.37,122.27 1 1
github.com/alenn-m/rgen/generator/migration/tables.go:125.3,126.33 2 1
github.com/alenn-m/rgen/generator/migration/tables.go:122.27,124.4 1 0
github.com/alenn-m/rgen/generator/migration/tables.go:134.27,136.3 1 0
github.com/alenn-m/rgen/generator/migration/tables.go:139.18,141.3 1 0
github.com/alenn-m/rgen/generator/migration/tables.go:141.8,143.3 1 13
github.com/alenn-m/rgen/generator/migration/tables.go:144.78,147.3 1 0
github.com/alenn-m/rgen/generator/migration/tables.go:152.32,154.2 1 3
github.com/alenn-m/rgen/generator/migration/tables.go:157.46,159.2 1 0
github.com/alenn-m/rgen/generator/migration/tables.go:162.89,164.16 2 7
github.com/alenn-m/rgen/generator/migration/tables.go:167.2,173.28 2 7
github.com/alenn-m/rgen/generator/migration/tables.go:183.2,184.12 2 7
github.com/alenn-m/rgen/generator/migration/tables.go:164.16,166.3 1 0
github.com/alenn-m/rgen/generator/migration/tables.go:173.28,176.10 3 0
github.com/alenn-m/rgen/generator/migration/tables.go:176.10,178.4 1 0
github.com/alenn-m/rgen/generator/migration/tables.go:179.8,181.3 1 7
github.com/alenn-m/rgen/generator/migration/tables.go:189.48,190.18 1 3
github.com/alenn-m/rgen/generator/migration/tables.go:193.2,193.26 1 3
github.com/alenn-m/rgen/generator/migration/tables.go:196.2,196.26 1 3
github.com/alenn-m/rgen/generator/migration/tables.go:199.2,199.18 1 3
github.com/alenn-m/rgen/generator/migration/tables.go:207.2,209.12 3 3
github.com/alenn-m/rgen/generator/migration/tables.go:190.18,192.3 1 0
github.com/alenn-m/rgen/generator/migration/tables.go:193.26,195.3 1 0
github.com/alenn-m/rgen/generator/migration/tables.go:196.26,198.3 1 0
github.com/alenn-m/rgen/generator/migration/tables.go:199.18,200.31 1 0
github.com/alenn-m/rgen/generator/migration/tables.go:200.31,201.23 1 0
github.com/alenn-m/rgen/generator/migration/tables.go:201.23,203.10 2 0
